STKey - wrapper for hashing value and internal list index
STKey[0,0]='application'
STKey[0,0]='{'
STKey[108114,0]='min'
STKey[0,0]=':'
STKey[0,0]='int'
STKey[0,0]=';'
STKey[97,0]='a'
STKey[0,0]=':'
STKey[0,0]='int'
STKey[0,0]=';'
STKey[98,0]='b'
STKey[0,0]=':'
STKey[0,0]='int'
STKey[0,0]=';'
STKey[99,0]='c'
STKey[0,0]=':'
STKey[0,0]='int'
STKey[0,0]=';'
STKey[98820,0]='cst'
STKey[0,0]=':='
STKey[0,0]='constant=> "aaa"'
STKey[0,0]=';'
STKey[3063469,0]='cst1'
STKey[0,0]=':='
STKey[0,0]='constant=> -13.1'
STKey[0,0]=';'
STKey[0,0]='read'
STKey[0,0]='('
STKey[97,0]='a'
STKey[0,0]=')'
STKey[0,0]=';'
STKey[0,0]='read'
STKey[0,0]='('
STKey[98,0]='b'
STKey[0,0]=')'
STKey[0,0]=';'
STKey[0,0]='read'
STKey[0,0]='('
STKey[99,0]='c'
STKey[0,0]=')'
STKey[0,0]=';'
STKey[108114,0]='min'
STKey[0,0]=':='
STKey[97,0]='a'
STKey[0,0]=';'
STKey[0,0]='if'
STKey[0,0]='('
STKey[98,0]='b'
STKey[0,0]='<'
STKey[108114,0]='min'
STKey[0,0]=')'
STKey[0,0]='{'
STKey[108114,0]='min'
STKey[0,0]=':='
STKey[98,0]='b'
STKey[0,0]=';'
STKey[0,0]='}'
STKey[0,0]='if'
STKey[0,0]='('
STKey[99,0]='c'
STKey[0,0]='<'
STKey[108114,0]='min'
STKey[0,0]=')'
STKey[0,0]='{'
STKey[108114,0]='min'
STKey[0,0]=':='
STKey[99,0]='c'
STKey[0,0]=';'
STKey[0,0]='}'
STKey[0,0]='write'
STKey[0,0]='('
STKey[99,0]='c'
STKey[0,0]=')'
STKey[0,0]=';'
STKey[0,0]='}'
